2021/03/24/ 21:53:21
予測時刻:2021-03-24 21:55
予測値:108.699
前回予測との差額:0
オーダー:注文無し
MACD_judge:0・0がbuy・1がsell2021/03/24/ 21:54:22
予測時刻:2021-03-24 21:55
予測値:108.699
前回予測との差額:0
オーダー:注文無し
MACD_judge:0・0がbuy・1がsell
2021/03/24/ 21:55:00
予測時刻:2021-03-24 21:55
予測値:108.699
前回予測との差額:0.000
オーダー:注文無し
MACD_judge:0・0がbuy・1がsell
2021/03/24/ 22:00:00
予測時刻:2021-03-24 22:00
予測値:108.703
前回予測との差額:0.004
オーダー:買い注文(極少)
MACD_judge:0・0がbuy・1がsell
2021/03/24/ 22:05:00
予測時刻:2021-03-24 22:05
予測値:108.685
前回予測との差額:-0.018
オーダー:注文無し
MACD_judge:0・0がbuy・1がsell
2021/03/24/ 22:10:00
予測時刻:2021-03-24 22:10
予測値:108.689
前回予測との差額:0.004
オーダー:買い注文(極少)
MACD_judge:0・0がbuy・1がsell
2021/03/24/ 22:15:00
予測時刻:2021-03-24 22:15
予測値:108.715
前回予測との差額:0.026
オーダー:買い注文(少)
MACD_judge:0・0がbuy・1がsell
2021/03/24/ 22:20:01
予測時刻:2021-03-24 22:20
予測値:108.755
前回予測との差額:0.040
オーダー:買い注文(少)
MACD_judge:0・0がbuy・1がsell
2021/03/24/ 22:25:00
予測時刻:2021-03-24 22:25
予測値:108.743
前回予測との差額:-0.012
オーダー:注文無し
MACD_judge:0・0がbuy・1がsell
2021/03/24/ 22:30:00
予測時刻:2021-03-24 22:30
予測値:108.782
前回予測との差額:0.039
オーダー:買い注文(少)
MACD_judge:0・0がbuy・1がsell
2021/03/24/ 22:35:00
予測時刻:2021-03-24 22:35
予測値:108.844
前回予測との差額:0.062
オーダー:買い注文(少)
MACD_judge:0・0がbuy・1がsell
2021/03/24/ 22:40:00
予測時刻:2021-03-24 22:40
予測値:108.884
前回予測との差額:0.040
オーダー:買い注文(少)
MACD_judge:0・0がbuy・1がsell
2021/03/24/ 22:45:00
予測時刻:2021-03-24 22:45
予測値:108.899
前回予測との差額:0.015
オーダー:買い注文(極少)
MACD_judge:0・0がbuy・1がsell
2021/03/24/ 22:50:00
予測時刻:2021-03-24 22:50
予測値:108.928
前回予測との差額:0.029
オーダー:買い注文(少)
MACD_judge:0・0がbuy・1がsell
2021/03/24/ 22:55:00
予測時刻:2021-03-24 22:55
予測値:108.893
前回予測との差額:-0.035
オーダー:注文無し
MACD_judge:0・0がbuy・1がsell
2021/03/24/ 23:00:00
予測時刻:2021-03-24 23:00
予測値:108.879
前回予測との差額:-0.014
オーダー:注文無し
MACD_judge:0・0がbuy・1がsell
2021/03/24/ 23:05:01
予測時刻:2021-03-24 23:05
予測値:108.88
前回予測との差額:0.001
オーダー:注文無し
MACD_judge:1・0がbuy・1がsell
2021/03/24/ 23:10:00
予測時刻:2021-03-24 23:10
予測値:108.873
前回予測との差額:-0.007
オーダー:売り注文(極少)
MACD_judge:1・0がbuy・1がsell
2021/03/24/ 23:15:01
予測時刻:2021-03-24 23:15
予測値:108.843
前回予測との差額:-0.030
オーダー:売り注文(少)
MACD_judge:1・0がbuy・1がsell
2021/03/24/ 23:20:01
予測時刻:2021-03-24 23:20
予測値:108.864
前回予測との差額:0.021
オーダー:注文無し
MACD_judge:1・0がbuy・1がsell
2021/03/24/ 23:25:01
予測時刻:2021-03-24 23:25
予測値:108.862
前回予測との差額:-0.002
オーダー:売り注文(極少)
MACD_judge:1・0がbuy・1がsell
2021/03/24/ 23:30:01
予測時刻:2021-03-24 23:30
予測値:108.875
前回予測との差額:0.013
オーダー:注文無し
MACD_judge:1・0がbuy・1がsell
2021/03/24/ 23:35:00
予測時刻:2021-03-24 23:35
予測値:108.892
前回予測との差額:0.017
オーダー:注文無し
MACD_judge:1・0がbuy・1がsell
2021/03/24/ 23:40:00
予測時刻:2021-03-24 23:40
予測値:108.884
前回予測との差額:-0.008
オーダー:注文無し
MACD_judge:0・0がbuy・1がsell
2021/03/24/ 23:45:00
予測時刻:2021-03-24 23:45
予測値:108.933
前回予測との差額:0.049
オーダー:注文無し
MACD_judge:1・0がbuy・1がsell
2021/03/24/ 23:50:00
予測時刻:2021-03-24 23:50
予測値:108.907
前回予測との差額:-0.026
オーダー:売り注文(少)
MACD_judge:1・0がbuy・1がsell
2021/03/24/ 23:55:00
予測時刻:2021-03-24 23:55
予測値:108.89
前回予測との差額:-0.017
オーダー:売り注文(極少)
MACD_judge:1・0がbuy・1がsell
