2021/03/25/ 00:00:00
予測時刻:2021-03-25 00:00
予測値:108.897
前回予測との差額:0.007
オーダー:注文無し
MACD_judge:1・0がbuy・1がsell
2021/03/25/ 00:05:00
予測時刻:2021-03-25 00:05
予測値:108.898
前回予測との差額:0.001
オーダー:注文無し
MACD_judge:1・0がbuy・1がsell
2021/03/25/ 00:10:00
予測時刻:2021-03-25 00:10
予測値:108.9
前回予測との差額:0.002
オーダー:注文無し
MACD_judge:1・0がbuy・1がsell
2021/03/25/ 00:15:00
予測時刻:2021-03-25 00:15
予測値:108.868
前回予測との差額:-0.032
オーダー:売り注文(少)
MACD_judge:1・0がbuy・1がsell
2021/03/25/ 00:20:01
予測時刻:2021-03-25 00:20
予測値:108.872
前回予測との差額:0.004
オーダー:注文無し
MACD_judge:1・0がbuy・1がsell
2021/03/25/ 00:25:01
予測時刻:2021-03-25 00:25
予測値:108.868
前回予測との差額:-0.004
オーダー:売り注文(極少)
MACD_judge:1・0がbuy・1がsell
2021/03/25/ 00:30:00
予測時刻:2021-03-25 00:30
予測値:108.881
前回予測との差額:0.013
オーダー:注文無し
MACD_judge:1・0がbuy・1がsell
2021/03/25/ 00:35:00
予測時刻:2021-03-25 00:35
予測値:108.868
前回予測との差額:-0.013
オーダー:売り注文(極少)
MACD_judge:1・0がbuy・1がsell
2021/03/25/ 00:40:00
予測時刻:2021-03-25 00:40
予測値:108.878
前回予測との差額:0.010
オーダー:注文無し
MACD_judge:1・0がbuy・1がsell
2021/03/25/ 00:45:00
予測時刻:2021-03-25 00:45
予測値:108.894
前回予測との差額:0.016
オーダー:注文無し
MACD_judge:1・0がbuy・1がsell
2021/03/25/ 00:50:00
予測時刻:2021-03-25 00:50
予測値:108.896
前回予測との差額:0.002
オーダー:注文無し
MACD_judge:1・0がbuy・1がsell
2021/03/25/ 00:55:00
予測時刻:2021-03-25 00:55
予測値:108.862
前回予測との差額:-0.034
オーダー:売り注文(少)
MACD_judge:1・0がbuy・1がsell
2021/03/25/ 01:00:00
予測時刻:2021-03-25 01:00
予測値:108.873
前回予測との差額:0.011
オーダー:注文無し
MACD_judge:1・0がbuy・1がsell
2021/03/25/ 01:05:00
予測時刻:2021-03-25 01:05
予測値:108.885
前回予測との差額:0.012
オーダー:注文無し
MACD_judge:1・0がbuy・1がsell
2021/03/25/ 01:10:01
予測時刻:2021-03-25 01:10
予測値:108.808
前回予測との差額:-0.077
オーダー:売り注文(少)
MACD_judge:1・0がbuy・1がsell
2021/03/25/ 01:15:00
予測時刻:2021-03-25 01:15
予測値:108.792
前回予測との差額:-0.016
オーダー:売り注文(極少)
MACD_judge:1・0がbuy・1がsell
2021/03/25/ 01:20:00
予測時刻:2021-03-25 01:20
予測値:108.767
前回予測との差額:-0.025
オーダー:売り注文(少)
MACD_judge:1・0がbuy・1がsell
2021/03/25/ 01:25:01
予測時刻:2021-03-25 01:25
予測値:108.797
前回予測との差額:0.030
オーダー:注文無し
MACD_judge:1・0がbuy・1がsell
2021/03/25/ 01:30:01
予測時刻:2021-03-25 01:30
予測値:108.771
前回予測との差額:-0.026
オーダー:売り注文(少)
MACD_judge:1・0がbuy・1がsell
2021/03/25/ 01:35:00
予測時刻:2021-03-25 01:35
予測値:108.755
前回予測との差額:-0.016
オーダー:売り注文(極少)
MACD_judge:1・0がbuy・1がsell
2021/03/25/ 01:40:00
予測時刻:2021-03-25 01:40
予測値:108.75
前回予測との差額:-0.005
オーダー:売り注文(極少)
MACD_judge:1・0がbuy・1がsell
2021/03/25/ 01:45:00
予測時刻:2021-03-25 01:45
予測値:108.762
前回予測との差額:0.012
オーダー:注文無し
MACD_judge:1・0がbuy・1がsell
2021/03/25/ 01:50:00
予測時刻:2021-03-25 01:50
予測値:108.758
前回予測との差額:-0.004
オーダー:売り注文(極少)
MACD_judge:1・0がbuy・1がsell
2021/03/25/ 01:55:00
予測時刻:2021-03-25 01:55
予測値:108.754
前回予測との差額:-0.004
オーダー:売り注文(極少)
MACD_judge:1・0がbuy・1がsell
2021/03/25/ 02:00:01
予測時刻:2021-03-25 02:00
予測値:108.758
前回予測との差額:0.004
オーダー:買い注文(極少)
MACD_judge:0・0がbuy・1がsell
2021/03/25/ 02:05:01
予測時刻:2021-03-25 02:05
予測値:108.785
前回予測との差額:0.027
オーダー:買い注文(少)
MACD_judge:0・0がbuy・1がsell
2021/03/25/ 02:10:00
予測時刻:2021-03-25 02:10
予測値:108.799
前回予測との差額:0.014
オーダー:買い注文(極少)
MACD_judge:0・0がbuy・1がsell
2021/03/25/ 02:15:01
予測時刻:2021-03-25 02:15
予測値:108.801
前回予測との差額:0.002
オーダー:買い注文(極少)
MACD_judge:0・0がbuy・1がsell
2021/03/25/ 02:20:00
予測時刻:2021-03-25 02:20
予測値:108.791
前回予測との差額:-0.010
オーダー:注文無し
MACD_judge:0・0がbuy・1がsell
2021/03/25/ 02:25:00
予測時刻:2021-03-25 02:25
予測値:108.802
前回予測との差額:0.011
オーダー:買い注文(極少)
MACD_judge:0・0がbuy・1がsell
2021/03/25/ 02:30:00
予測時刻:2021-03-25 02:30
予測値:108.781
前回予測との差額:-0.021
オーダー:注文無し
MACD_judge:0・0がbuy・1がsell
2021/03/25/ 02:35:01
予測時刻:2021-03-25 02:35
予測値:108.785
前回予測との差額:0.004
オーダー:注文無し
MACD_judge:1・0がbuy・1がsell
2021/03/25/ 02:40:01
予測時刻:2021-03-25 02:40
予測値:108.773
前回予測との差額:-0.012
オーダー:売り注文(極少)
MACD_judge:1・0がbuy・1がsell
2021/03/25/ 02:45:01
予測時刻:2021-03-25 02:45
予測値:108.771
前回予測との差額:-0.002
オーダー:注文無し
MACD_judge:0・0がbuy・1がsell
2021/03/25/ 02:50:00
予測時刻:2021-03-25 02:50
予測値:108.78
前回予測との差額:0.009
オーダー:買い注文(極少)
MACD_judge:0・0がbuy・1がsell
2021/03/25/ 02:55:00
予測時刻:2021-03-25 02:55
予測値:108.775
前回予測との差額:-0.005
オーダー:注文無し
MACD_judge:0・0がbuy・1がsell
2021/03/25/ 03:00:00
予測時刻:2021-03-25 03:00
予測値:108.788
前回予測との差額:0.013
オーダー:買い注文(極少)
MACD_judge:0・0がbuy・1がsell
2021/03/25/ 03:05:01
予測時刻:2021-03-25 03:05
予測値:108.783
前回予測との差額:-0.005
オーダー:注文無し
MACD_judge:0・0がbuy・1がsell
2021/03/25/ 03:10:00
予測時刻:2021-03-25 03:10
予測値:108.777
前回予測との差額:-0.006
オーダー:注文無し
MACD_judge:0・0がbuy・1がsell
2021/03/25/ 03:15:00
予測時刻:2021-03-25 03:15
予測値:108.775
前回予測との差額:-0.002
オーダー:売り注文(極少)
MACD_judge:1・0がbuy・1がsell
2021/03/25/ 03:20:00
予測時刻:2021-03-25 03:20
予測値:108.736
前回予測との差額:-0.039
オーダー:売り注文(少)
MACD_judge:1・0がbuy・1がsell
2021/03/25/ 03:25:01
予測時刻:2021-03-25 03:25
予測値:108.736
前回予測との差額:0.000
オーダー:注文無し
MACD_judge:1・0がbuy・1がsell
2021/03/25/ 03:30:01
予測時刻:2021-03-25 03:30
予測値:108.737
前回予測との差額:0.001
オーダー:注文無し
MACD_judge:1・0がbuy・1がsell
2021/03/25/ 03:35:01
予測時刻:2021-03-25 03:35
予測値:108.737
前回予測との差額:0.000
オーダー:注文無し
MACD_judge:1・0がbuy・1がsell
2021/03/25/ 03:40:01
予測時刻:2021-03-25 03:40
予測値:108.735
前回予測との差額:-0.002
オーダー:売り注文(極少)
MACD_judge:1・0がbuy・1がsell
2021/03/25/ 03:45:01
予測時刻:2021-03-25 03:50
予測値:108.721
前回予測との差額:-0.014
オーダー:売り注文(極少)
MACD_judge:1・0がbuy・1がsell
2021/03/25/ 03:50:00
予測時刻:2021-03-25 03:50
予測値:108.721
前回予測との差額:0.000
オーダー:注文無し
MACD_judge:1・0がbuy・1がsell
2021/03/25/ 03:55:01
予測時刻:2021-03-25 03:55
予測値:108.719
前回予測との差額:-0.002
オーダー:売り注文(極少)
MACD_judge:1・0がbuy・1がsell
2021/03/25/ 04:00:00
予測時刻:2021-03-25 04:00
予測値:108.703
前回予測との差額:-0.016
オーダー:売り注文(極少)
MACD_judge:1・0がbuy・1がsell
2021/03/25/ 04:05:01
予測時刻:2021-03-25 04:05
予測値:108.706
前回予測との差額:0.003
オーダー:注文無し
MACD_judge:1・0がbuy・1がsell
2021/03/25/ 04:10:00
予測時刻:2021-03-25 04:10
予測値:108.696
前回予測との差額:-0.010
オーダー:売り注文(極少)
MACD_judge:1・0がbuy・1がsell
2021/03/25/ 04:15:01
予測時刻:2021-03-25 04:15
予測値:108.703
前回予測との差額:0.007
オーダー:買い注文(極少)
MACD_judge:0・0がbuy・1がsell
2021/03/25/ 04:20:01
予測時刻:2021-03-25 04:20
予測値:108.701
前回予測との差額:-0.002
オーダー:注文無し
MACD_judge:0・0がbuy・1がsell
2021/03/25/ 04:25:00
予測時刻:2021-03-25 04:25
予測値:108.705
前回予測との差額:0.004
オーダー:買い注文(極少)
MACD_judge:0・0がbuy・1がsell
2021/03/25/ 04:30:01
予測時刻:2021-03-25 04:30
予測値:108.706
前回予測との差額:0.001
オーダー:買い注文(極少)
MACD_judge:0・0がbuy・1がsell
2021/03/25/ 04:35:01
予測時刻:2021-03-25 04:35
予測値:108.701
前回予測との差額:-0.005
オーダー:注文無し
MACD_judge:0・0がbuy・1がsell
2021/03/25/ 04:40:00
予測時刻:2021-03-25 04:40
予測値:108.701
前回予測との差額:0.000
オーダー:注文無し
MACD_judge:0・0がbuy・1がsell
2021/03/25/ 04:45:01
予測時刻:2021-03-25 04:45
予測値:108.701
前回予測との差額:0.000
オーダー:注文無し
MACD_judge:0・0がbuy・1がsell
2021/03/25/ 04:50:01
予測時刻:2021-03-25 04:50
予測値:108.694
前回予測との差額:-0.007
オーダー:売り注文(極少)
MACD_judge:1・0がbuy・1がsell
2021/03/25/ 04:55:00
予測時刻:2021-03-25 04:55
予測値:108.682
前回予測との差額:-0.012
オーダー:注文無し
MACD_judge:0・0がbuy・1がsell
2021/03/25/ 05:00:00
予測時刻:2021-03-25 05:00
予測値:108.693
前回予測との差額:0.011
オーダー:買い注文(極少)
MACD_judge:0・0がbuy・1がsell
2021/03/25/ 05:05:01
予測時刻:2021-03-25 05:05
予測値:108.698
前回予測との差額:0.005
オーダー:注文無し
MACD_judge:1・0がbuy・1がsell
2021/03/25/ 05:10:00
予測時刻:2021-03-25 05:10
予測値:108.683
前回予測との差額:-0.015
オーダー:売り注文(極少)
MACD_judge:1・0がbuy・1がsell
2021/03/25/ 05:15:01
予測時刻:2021-03-25 05:15
予測値:108.674
前回予測との差額:-0.009
オーダー:注文無し
MACD_judge:0・0がbuy・1がsell
2021/03/25/ 05:20:01
予測時刻:2021-03-25 05:20
予測値:108.683
前回予測との差額:0.009
オーダー:買い注文(極少)
MACD_judge:0・0がbuy・1がsell
