取引開始取引開始取引開始取引開始2021/03/25/ 06:25:01
予測時刻:2021-03-25 06:25
予測値:108.731
前回予測との差額:0
オーダー:注文無し
MACD_judge:0・0がbuy・1がsell
2021/03/25/ 06:30:00
予測時刻:2021-03-25 06:25
予測値:108.731
前回予測との差額:0.000
オーダー:注文無し
MACD_judge:0・0がbuy・1がsell
2021/03/25/ 06:35:00
予測時刻:2021-03-25 06:30
予測値:108.745
前回予測との差額:0.014
オーダー:買い注文(極少)
MACD_judge:0・0がbuy・1がsell
2021/03/25/ 06:40:00
予測時刻:2021-03-25 06:30
予測値:108.745
前回予測との差額:0.000
オーダー:注文無し
MACD_judge:0・0がbuy・1がsell
2021/03/25/ 06:45:01
予測時刻:2021-03-25 06:40
予測値:108.745
前回予測との差額:0.000
オーダー:注文無し
MACD_judge:0・0がbuy・1がsell
2021/03/25/ 06:50:01
予測時刻:2021-03-25 06:50
予測値:108.737
前回予測との差額:-0.008
オーダー:注文無し
MACD_judge:0・0がbuy・1がsell
2021/03/25/ 06:55:01
予測時刻:2021-03-25 06:55
予測値:108.758
前回予測との差額:0.021
オーダー:買い注文(少)
MACD_judge:0・0がbuy・1がsell
2021/03/25/ 07:00:01
予測時刻:2021-03-25 07:00
予測値:108.758
前回予測との差額:0.000
オーダー:注文無し
MACD_judge:1・0がbuy・1がsell
2021/03/25/ 07:05:01
予測時刻:2021-03-25 07:05
予測値:108.743
前回予測との差額:-0.015
オーダー:売り注文(極少)
MACD_judge:1・0がbuy・1がsell
2021/03/25/ 07:10:01
予測時刻:2021-03-25 07:10
予測値:108.733
前回予測との差額:-0.010
オーダー:売り注文(極少)
MACD_judge:1・0がbuy・1がsell
2021/03/25/ 07:15:01
予測時刻:2021-03-25 07:15
予測値:108.735
前回予測との差額:0.002
オーダー:注文無し
MACD_judge:1・0がbuy・1がsell
2021/03/25/ 07:20:01
予測時刻:2021-03-25 07:20
予測値:108.728
前回予測との差額:-0.007
オーダー:売り注文(極少)
MACD_judge:1・0がbuy・1がsell
2021/03/25/ 07:25:00
予測時刻:2021-03-25 07:25
予測値:108.726
前回予測との差額:-0.002
オーダー:注文無し
MACD_judge:0・0がbuy・1がsell
2021/03/25/ 07:30:00
予測時刻:2021-03-25 07:30
予測値:108.741
前回予測との差額:0.015
オーダー:買い注文(極少)
MACD_judge:0・0がbuy・1がsell
2021/03/25/ 07:35:01
予測時刻:2021-03-25 07:35
予測値:108.743
前回予測との差額:0.002
オーダー:注文無し
MACD_judge:1・0がbuy・1がsell
2021/03/25/ 07:40:00
予測時刻:2021-03-25 07:40
予測値:108.737
前回予測との差額:-0.006
オーダー:売り注文(極少)
MACD_judge:1・0がbuy・1がsell
2021/03/25/ 07:45:01
予測時刻:2021-03-25 07:45
予測値:108.732
前回予測との差額:-0.005
オーダー:売り注文(極少)
MACD_judge:1・0がbuy・1がsell
2021/03/25/ 07:50:01
予測時刻:2021-03-25 07:50
予測値:108.723
前回予測との差額:-0.009
オーダー:売り注文(極少)
MACD_judge:1・0がbuy・1がsell
2021/03/25/ 07:55:00
予測時刻:2021-03-25 07:55
予測値:108.732
前回予測との差額:0.009
オーダー:注文無し
MACD_judge:1・0がbuy・1がsell
2021/03/25/ 08:00:00
予測時刻:2021-03-25 08:00
予測値:108.722
前回予測との差額:-0.010
オーダー:注文無し
MACD_judge:0・0がbuy・1がsell
2021/03/25/ 08:05:00
予測時刻:2021-03-25 08:05
予測値:108.737
前回予測との差額:0.015
オーダー:買い注文(極少)
MACD_judge:0・0がbuy・1がsell
2021/03/25/ 08:10:00
予測時刻:2021-03-25 08:10
予測値:108.738
前回予測との差額:0.001
オーダー:注文無し
MACD_judge:1・0がbuy・1がsell
2021/03/25/ 08:15:00
予測時刻:2021-03-25 08:15
予測値:108.729
前回予測との差額:-0.009
オーダー:売り注文(極少)
MACD_judge:1・0がbuy・1がsell
2021/03/25/ 08:20:00
予測時刻:2021-03-25 08:20
予測値:108.724
前回予測との差額:-0.005
オーダー:注文無し
MACD_judge:0・0がbuy・1がsell
2021/03/25/ 08:22:04
予測時刻:2021-03-25 08:25
予測値:108.74
前回予測との差額:0
オーダー:注文無し
MACD_judge:0・0がbuy・1がsell
取引開始2021/03/25/ 08:25:00
予測時刻:2021-03-25 08:25
予測値:108.74
前回予測との差額:0.000
オーダー:注文無し
MACD_judge:0・0がbuy・1がsell
2021/03/25/ 08:30:00
予測時刻:2021-03-25 08:30
予測値:108.744
前回予測との差額:0.004
オーダー:注文無し
MACD_judge:1・0がbuy・1がsell
2021/03/25/ 08:35:00
予測時刻:2021-03-25 08:35
予測値:108.736
前回予測との差額:-0.008
オーダー:売り注文(極少)
MACD_judge:1・0がbuy・1がsell
2021/03/25/ 08:40:01
予測時刻:2021-03-25 08:40
予測値:108.725
前回予測との差額:-0.011
オーダー:注文無し
MACD_judge:0・0がbuy・1がsell
2021/03/25/ 08:45:01
予測時刻:2021-03-25 08:45
予測値:108.744
前回予測との差額:0.019
オーダー:注文無し
MACD_judge:1・0がbuy・1がsell
2021/03/25/ 08:50:01
予測時刻:2021-03-25 08:50
予測値:108.736
前回予測との差額:-0.008
オーダー:注文無し
MACD_judge:0・0がbuy・1がsell
2021/03/25/ 08:55:00
予測時刻:2021-03-25 08:55
予測値:108.753
前回予測との差額:0.017
オーダー:買い注文(極少)
MACD_judge:0・0がbuy・1がsell
2021/03/25/ 09:00:00
予測時刻:2021-03-25 09:00
予測値:108.764
前回予測との差額:0.011
オーダー:買い注文(極少)
MACD_judge:0・0がbuy・1がsell
2021/03/25/ 09:05:01
予測時刻:2021-03-25 09:05
予測値:108.755
前回予測との差額:-0.009
オーダー:注文無し
MACD_judge:0・0がbuy・1がsell
2021/03/25/ 09:10:01
予測時刻:2021-03-25 09:10
予測値:108.776
前回予測との差額:0.021
オーダー:買い注文(少)
MACD_judge:0・0がbuy・1がsell
2021/03/25/ 09:15:01
予測時刻:2021-03-25 09:15
予測値:108.802
前回予測との差額:0.026
オーダー:買い注文(少)
MACD_judge:0・0がbuy・1がsell
2021/03/25/ 09:20:01
予測時刻:2021-03-25 09:20
予測値:108.806
前回予測との差額:0.004
オーダー:買い注文(極少)
MACD_judge:0・0がbuy・1がsell
2021/03/25/ 09:25:00
予測時刻:2021-03-25 09:25
予測値:108.838
前回予測との差額:0.032
オーダー:買い注文(少)
MACD_judge:0・0がbuy・1がsell
2021/03/25/ 09:30:01
予測時刻:2021-03-25 09:30
予測値:108.838
前回予測との差額:0.000
オーダー:注文無し
MACD_judge:0・0がbuy・1がsell
2021/03/25/ 09:35:00
予測時刻:2021-03-25 09:35
予測値:108.836
前回予測との差額:-0.002
オーダー:注文無し
MACD_judge:0・0がbuy・1がsell
2021/03/25/ 09:40:00
予測時刻:2021-03-25 09:40
予測値:108.827
前回予測との差額:-0.009
オーダー:注文無し
MACD_judge:0・0がbuy・1がsell
2021/03/25/ 09:45:00
予測時刻:2021-03-25 09:45
予測値:108.83
前回予測との差額:0.003
オーダー:注文無し
MACD_judge:1・0がbuy・1がsell
2021/03/25/ 09:50:01
予測時刻:2021-03-25 09:50
予測値:108.818
前回予測との差額:-0.012
オーダー:注文無し
MACD_judge:0・0がbuy・1がsell
2021/03/25/ 09:55:01
予測時刻:2021-03-25 09:55
予測値:108.83
前回予測との差額:0.012
オーダー:注文無し
MACD_judge:1・0がbuy・1がsell
2021/03/25/ 10:00:00
予測時刻:2021-03-25 10:00
予測値:108.819
前回予測との差額:-0.011
オーダー:注文無し
MACD_judge:0・0がbuy・1がsell
2021/03/25/ 10:10:01
予測時刻:2021-03-25 10:10
予測値:108.856
前回予測との差額:0.037
オーダー:買い注文(少)
MACD_judge:0・0がbuy・1がsell
2021/03/25/ 10:15:00
予測時刻:2021-03-25 10:15
予測値:108.861
前回予測との差額:0.005
オーダー:買い注文(極少)
MACD_judge:0・0がbuy・1がsell
2021/03/25/ 10:20:01
予測時刻:2021-03-25 10:20
予測値:108.907
前回予測との差額:0.046
オーダー:買い注文(少)
MACD_judge:0・0がbuy・1がsell
2021/03/25/ 10:25:00
予測時刻:2021-03-25 10:25
予測値:108.918
前回予測との差額:0.011
オーダー:買い注文(極少)
MACD_judge:0・0がbuy・1がsell
2021/03/25/ 10:30:00
予測時刻:2021-03-25 10:30
予測値:108.903
前回予測との差額:-0.015
オーダー:注文無し
MACD_judge:0・0がbuy・1がsell
2021/03/25/ 10:35:00
予測時刻:2021-03-25 10:35
予測値:108.912
前回予測との差額:0.009
オーダー:注文無し
MACD_judge:1・0がbuy・1がsell
2021/03/25/ 10:40:00
予測時刻:2021-03-25 10:40
予測値:108.905
前回予測との差額:-0.007
オーダー:注文無し
MACD_judge:0・0がbuy・1がsell
2021/03/25/ 10:45:00
予測時刻:2021-03-25 10:45
予測値:108.931
前回予測との差額:0.026
オーダー:買い注文(少)
MACD_judge:0・0がbuy・1がsell
2021/03/25/ 10:50:00
予測時刻:2021-03-25 10:50
予測値:108.937
前回予測との差額:0.006
オーダー:注文無し
MACD_judge:1・0がbuy・1がsell
2021/03/25/ 10:55:00
予測時刻:2021-03-25 10:55
予測値:108.933
前回予測との差額:-0.004
オーダー:売り注文(極少)
MACD_judge:1・0がbuy・1がsell
2021/03/25/ 11:00:00
予測時刻:2021-03-25 11:00
予測値:108.919
前回予測との差額:-0.014
オーダー:売り注文(極少)
MACD_judge:1・0がbuy・1がsell
2021/03/25/ 11:05:00
予測時刻:2021-03-25 11:05
予測値:108.916
前回予測との差額:-0.003
オーダー:売り注文(極少)
MACD_judge:1・0がbuy・1がsell
2021/03/25/ 11:10:00
予測時刻:2021-03-25 11:10
予測値:108.904
前回予測との差額:-0.012
オーダー:注文無し
MACD_judge:0・0がbuy・1がsell
2021/03/25/ 11:15:00
予測時刻:2021-03-25 11:15
予測値:108.953
前回予測との差額:0.049
オーダー:注文無し
MACD_judge:1・0がbuy・1がsell
2021/03/25/ 11:20:00
予測時刻:2021-03-25 11:20
予測値:108.923
前回予測との差額:-0.030
オーダー:売り注文(少)
MACD_judge:1・0がbuy・1がsell
2021/03/25/ 11:25:00
予測時刻:2021-03-25 11:25
予測値:108.937
前回予測との差額:0.014
オーダー:注文無し
MACD_judge:1・0がbuy・1がsell
2021/03/25/ 11:30:00
予測時刻:2021-03-25 11:30
予測値:108.916
前回予測との差額:-0.021
オーダー:売り注文(少)
MACD_judge:1・0がbuy・1がsell
2021/03/25/ 11:35:00
予測時刻:2021-03-25 11:35
予測値:108.912
前回予測との差額:-0.004
オーダー:売り注文(極少)
MACD_judge:1・0がbuy・1がsell
2021/03/25/ 11:40:00
予測時刻:2021-03-25 11:40
予測値:108.91
前回予測との差額:-0.002
オーダー:売り注文(極少)
MACD_judge:1・0がbuy・1がsell
2021/03/25/ 11:45:00
予測時刻:2021-03-25 11:45
予測値:108.907
前回予測との差額:-0.003
オーダー:売り注文(極少)
MACD_judge:1・0がbuy・1がsell
2021/03/25/ 11:50:01
予測時刻:2021-03-25 11:50
予測値:108.917
前回予測との差額:0.010
オーダー:注文無し
MACD_judge:1・0がbuy・1がsell
2021/03/25/ 11:51:00
予測時刻:2021-03-25 11:55
予測値:108.92
前回予測との差額:0
オーダー:注文無し
MACD_judge:1・0がbuy・1がsell
取引開始2021/03/25/ 11:55:00
予測時刻:2021-03-25 11:55
予測値:108.92
前回予測との差額:0.000
オーダー:注文無し
MACD_judge:1・0がbuy・1がsell
2021/03/25/ 12:00:01
予測時刻:2021-03-25 12:00
予測値:108.914
前回予測との差額:-0.006
オーダー:売り注文(極少)
MACD_judge:1・0がbuy・1がsell
2021/03/25/ 12:05:01
予測時刻:2021-03-25 12:05
予測値:108.907
前回予測との差額:-0.007
オーダー:売り注文(極少)
MACD_judge:1・0がbuy・1がsell
2021/03/25/ 12:10:01
予測時刻:2021-03-25 12:10
予測値:108.885
前回予測との差額:-0.022
オーダー:売り注文(少)
MACD_judge:1・0がbuy・1がsell
2021/03/25/ 12:15:00
予測時刻:2021-03-25 12:15
予測値:108.873
前回予測との差額:-0.012
オーダー:売り注文(極少)
MACD_judge:1・0がbuy・1がsell
2021/03/25/ 12:20:00
予測時刻:2021-03-25 12:20
予測値:108.863
前回予測との差額:-0.010
オーダー:売り注文(極少)
MACD_judge:1・0がbuy・1がsell
2021/03/25/ 12:25:01
予測時刻:2021-03-25 12:25
予測値:108.854
前回予測との差額:-0.009
オーダー:売り注文(極少)
MACD_judge:1・0がbuy・1がsell
2021/03/25/ 12:30:01
予測時刻:2021-03-25 12:30
予測値:108.856
前回予測との差額:0.002
オーダー:注文無し
MACD_judge:1・0がbuy・1がsell
2021/03/25/ 12:35:01
予測時刻:2021-03-25 12:35
予測値:108.878
前回予測との差額:0.022
オーダー:注文無し
MACD_judge:1・0がbuy・1がsell
2021/03/25/ 12:40:01
予測時刻:2021-03-25 12:40
予測値:108.876
前回予測との差額:-0.002
オーダー:売り注文(極少)
MACD_judge:1・0がbuy・1がsell
2021/03/25/ 12:45:01
予測時刻:2021-03-25 12:45
予測値:108.864
前回予測との差額:-0.012
オーダー:売り注文(極少)
MACD_judge:1・0がbuy・1がsell
2021/03/25/ 12:50:01
予測時刻:2021-03-25 12:50
予測値:108.875
前回予測との差額:0.011
オーダー:買い注文(極少)
MACD_judge:0・0がbuy・1がsell
2021/03/25/ 12:55:00
予測時刻:2021-03-25 12:55
予測値:108.882
前回予測との差額:0.007
オーダー:買い注文(極少)
MACD_judge:0・0がbuy・1がsell
2021/03/25/ 13:00:00
予測時刻:2021-03-25 13:00
予測値:108.879
前回予測との差額:-0.003
オーダー:注文無し
MACD_judge:0・0がbuy・1がsell
2021/03/25/ 13:05:00
予測時刻:2021-03-25 13:05
予測値:108.896
前回予測との差額:0.017
オーダー:注文無し
MACD_judge:1・0がbuy・1がsell
2021/03/25/ 13:10:00
予測時刻:2021-03-25 13:10
予測値:108.875
前回予測との差額:-0.021
オーダー:注文無し
MACD_judge:0・0がbuy・1がsell
2021/03/25/ 13:15:00
予測時刻:2021-03-25 13:15
予測値:108.897
前回予測との差額:0.022
オーダー:買い注文(少)
MACD_judge:0・0がbuy・1がsell
2021/03/25/ 13:20:00
予測時刻:2021-03-25 13:20
予測値:108.906
前回予測との差額:0.009
オーダー:買い注文(極少)
MACD_judge:0・0がbuy・1がsell
2021/03/25/ 13:25:00
予測時刻:2021-03-25 13:25
予測値:108.93
前回予測との差額:0.024
オーダー:買い注文(少)
MACD_judge:0・0がbuy・1がsell
2021/03/25/ 13:30:00
予測時刻:2021-03-25 13:30
予測値:108.941
前回予測との差額:0.011
オーダー:買い注文(極少)
MACD_judge:0・0がbuy・1がsell
2021/03/25/ 13:35:00
予測時刻:2021-03-25 13:35
予測値:108.922
前回予測との差額:-0.019
オーダー:注文無し
MACD_judge:0・0がbuy・1がsell
2021/03/25/ 13:40:00
予測時刻:2021-03-25 13:40
予測値:108.923
前回予測との差額:0.001
オーダー:注文無し
MACD_judge:1・0がbuy・1がsell
2021/03/25/ 13:45:00
予測時刻:2021-03-25 13:45
予測値:108.912
前回予測との差額:-0.011
オーダー:売り注文(極少)
MACD_judge:1・0がbuy・1がsell
2021/03/25/ 13:50:00
予測時刻:2021-03-25 13:50
予測値:108.903
前回予測との差額:-0.009
オーダー:売り注文(極少)
MACD_judge:1・0がbuy・1がsell
2021/03/25/ 13:55:00
予測時刻:2021-03-25 13:55
予測値:108.905
前回予測との差額:0.002
オーダー:注文無し
MACD_judge:1・0がbuy・1がsell
2021/03/25/ 14:00:00
予測時刻:2021-03-25 14:00
予測値:108.913
前回予測との差額:0.008
オーダー:注文無し
MACD_judge:1・0がbuy・1がsell
2021/03/25/ 14:05:01
予測時刻:2021-03-25 14:05
予測値:108.899
前回予測との差額:-0.014
オーダー:売り注文(極少)
MACD_judge:1・0がbuy・1がsell
2021/03/25/ 14:10:20
予測時刻:2021-03-25 14:15
予測値:108.911
前回予測との差額:0
オーダー:注文無し
MACD_judge:0・0がbuy・1がsell
取引開始2021/03/25/ 14:15:01
予測時刻:2021-03-25 14:15
予測値:108.911
前回予測との差額:0.000
オーダー:注文無し
MACD_judge:0・0がbuy・1がsell
2021/03/25/ 14:25:01
予測時刻:2021-03-25 14:25
予測値:108.91
前回予測との差額:-0.001
オーダー:売り注文(極少)
MACD_judge:1・0がbuy・1がsell
2021/03/25/ 14:30:01
予測時刻:2021-03-25 14:30
予測値:108.907
前回予測との差額:-0.003
オーダー:売り注文(極少)
MACD_judge:1・0がbuy・1がsell
2021/03/25/ 14:35:01
予測時刻:2021-03-25 14:35
予測値:108.913
前回予測との差額:0.006
オーダー:注文無し
MACD_judge:1・0がbuy・1がsell
2021/03/25/ 14:40:01
予測時刻:2021-03-25 14:40
予測値:108.911
前回予測との差額:-0.002
オーダー:売り注文(極少)
MACD_judge:1・0がbuy・1がsell
2021/03/25/ 14:45:01
予測時刻:2021-03-25 14:45
予測値:108.907
前回予測との差額:-0.004
オーダー:注文無し
MACD_judge:0・0がbuy・1がsell
2021/03/25/ 14:50:01
予測時刻:2021-03-25 14:50
予測値:108.921
前回予測との差額:0.014
オーダー:買い注文(極少)
MACD_judge:0・0がbuy・1がsell
2021/03/25/ 14:55:01
予測時刻:2021-03-25 14:55
予測値:108.919
前回予測との差額:-0.002
オーダー:売り注文(極少)
MACD_judge:1・0がbuy・1がsell
2021/03/25/ 15:00:00
予測時刻:2021-03-25 15:00
予測値:108.905
前回予測との差額:-0.014
オーダー:売り注文(極少)
MACD_judge:1・0がbuy・1がsell
2021/03/25/ 15:05:01
予測時刻:2021-03-25 15:05
予測値:108.903
前回予測との差額:-0.002
オーダー:売り注文(極少)
MACD_judge:1・0がbuy・1がsell
2021/03/25/ 15:10:00
予測時刻:2021-03-25 15:10
予測値:108.908
前回予測との差額:0.005
オーダー:買い注文(極少)
MACD_judge:0・0がbuy・1がsell
2021/03/25/ 15:15:00
予測時刻:2021-03-25 15:15
予測値:108.936
前回予測との差額:0.028
オーダー:買い注文(少)
MACD_judge:0・0がbuy・1がsell
2021/03/25/ 15:20:00
予測時刻:2021-03-25 15:20
予測値:108.942
前回予測との差額:0.006
オーダー:買い注文(極少)
MACD_judge:0・0がbuy・1がsell
2021/03/25/ 15:25:00
予測時刻:2021-03-25 15:25
予測値:108.927
前回予測との差額:-0.015
オーダー:注文無し
MACD_judge:0・0がbuy・1がsell
2021/03/25/ 15:30:00
予測時刻:2021-03-25 15:30
予測値:108.931
前回予測との差額:0.004
オーダー:買い注文(極少)
MACD_judge:0・0がbuy・1がsell
2021/03/25/ 15:35:01
予測時刻:2021-03-25 15:35
予測値:108.935
前回予測との差額:0.004
オーダー:注文無し
MACD_judge:1・0がbuy・1がsell
2021/03/25/ 15:40:00
予測時刻:2021-03-25 15:40
予測値:108.927
前回予測との差額:-0.008
オーダー:注文無し
MACD_judge:0・0がbuy・1がsell
2021/03/25/ 15:45:00
予測時刻:2021-03-25 15:45
予測値:108.941
前回予測との差額:0.014
オーダー:注文無し
MACD_judge:1・0がbuy・1がsell
2021/03/25/ 15:50:00
予測時刻:2021-03-25 15:50
予測値:108.929
前回予測との差額:-0.012
オーダー:売り注文(極少)
MACD_judge:1・0がbuy・1がsell
2021/03/25/ 15:55:01
予測時刻:2021-03-25 15:55
予測値:108.933
前回予測との差額:0.004
オーダー:注文無し
MACD_judge:1・0がbuy・1がsell
2021/03/25/ 16:00:01
予測時刻:2021-03-25 16:00
予測値:108.933
前回予測との差額:0.000
オーダー:注文無し
MACD_judge:1・0がbuy・1がsell
2021/03/25/ 16:05:01
予測時刻:2021-03-25 16:05
予測値:108.925
前回予測との差額:-0.008
オーダー:売り注文(極少)
MACD_judge:1・0がbuy・1がsell
2021/03/25/ 16:10:01
予測時刻:2021-03-25 16:10
予測値:108.925
前回予測との差額:0.000
オーダー:注文無し
MACD_judge:1・0がbuy・1がsell
2021/03/25/ 16:15:00
予測時刻:2021-03-25 16:15
予測値:108.917
前回予測との差額:-0.008
オーダー:売り注文(極少)
MACD_judge:1・0がbuy・1がsell
取引開始取引開始取引開始取引開始取引開始2021/03/25/ 16:41:50
予測時刻:2021-03-25 16:45
予測値:108.95
前回予測との差額:0
オーダー:注文無し
MACD_judge:0・0がbuy・1がsell
取引開始2021/03/25/ 16:45:00
予測時刻:2021-03-25 16:45
予測値:108.95
前回予測との差額:0.000
オーダー:注文無し
MACD_judge:0・0がbuy・1がsell
2021/03/25/ 16:50:00
予測時刻:2021-03-25 16:50
予測値:108.95
前回予測との差額:0.000
オーダー:注文無し
MACD_judge:1・0がbuy・1がsell
2021/03/25/ 16:55:00
予測時刻:2021-03-25 16:55
予測値:108.936
前回予測との差額:-0.014
オーダー:注文無し
MACD_judge:0・0がbuy・1がsell
2021/03/25/ 17:00:00
予測時刻:2021-03-25 17:00
予測値:108.945
前回予測との差額:0.009
オーダー:注文無し
MACD_judge:1・0がbuy・1がsell
2021/03/25/ 17:05:00
予測時刻:2021-03-25 17:05
予測値:108.937
前回予測との差額:-0.008
オーダー:注文無し
MACD_judge:0・0がbuy・1がsell
2021/03/25/ 17:10:00
予測時刻:2021-03-25 17:10
予測値:109.02
前回予測との差額:0.083
オーダー:買い注文(少)
MACD_judge:0・0がbuy・1がsell
2021/03/25/ 17:15:01
予測時刻:2021-03-25 17:15
予測値:109.012
前回予測との差額:-0.008
オーダー:注文無し
MACD_judge:0・0がbuy・1がsell
2021/03/25/ 17:20:00
予測時刻:2021-03-25 17:20
予測値:109.007
前回予測との差額:-0.005
オーダー:注文無し
MACD_judge:0・0がbuy・1がsell
2021/03/25/ 17:25:00
予測時刻:2021-03-25 17:25
予測値:109.013
前回予測との差額:0.006
オーダー:買い注文(極少)
MACD_judge:0・0がbuy・1がsell
2021/03/25/ 17:30:01
予測時刻:2021-03-25 17:30
予測値:109.021
前回予測との差額:0.008
オーダー:買い注文(極少)
MACD_judge:0・0がbuy・1がsell
2021/03/25/ 17:35:01
予測時刻:2021-03-25 17:35
予測値:109.01
前回予測との差額:-0.011
オーダー:注文無し
MACD_judge:0・0がbuy・1がsell
2021/03/25/ 17:40:00
予測時刻:2021-03-25 17:40
予測値:109.047
前回予測との差額:0.037
オーダー:買い注文(少)
MACD_judge:0・0がbuy・1がsell
2021/03/25/ 17:45:00
予測時刻:2021-03-25 17:45
予測値:108.998
前回予測との差額:-0.049
オーダー:注文無し
MACD_judge:0・0がbuy・1がsell
2021/03/25/ 17:50:00
予測時刻:2021-03-25 17:50
予測値:109.0
前回予測との差額:0.002
オーダー:買い注文(極少)
MACD_judge:0・0がbuy・1がsell
2021/03/25/ 17:55:00
予測時刻:2021-03-25 17:55
予測値:109.017
前回予測との差額:0.017
オーダー:買い注文(極少)
MACD_judge:0・0がbuy・1がsell
2021/03/25/ 18:00:00
予測時刻:2021-03-25 18:00
予測値:109.018
前回予測との差額:0.001
オーダー:買い注文(極少)
MACD_judge:0・0がbuy・1がsell
2021/03/25/ 18:05:00
予測時刻:2021-03-25 18:05
予測値:109.016
前回予測との差額:-0.002
オーダー:売り注文(極少)
MACD_judge:1・0がbuy・1がsell
2021/03/25/ 18:10:01
予測時刻:2021-03-25 18:10
予測値:109.016
前回予測との差額:0.000
オーダー:注文無し
MACD_judge:1・0がbuy・1がsell
2021/03/25/ 18:15:01
予測時刻:2021-03-25 18:15
予測値:109.014
前回予測との差額:-0.002
オーダー:売り注文(極少)
MACD_judge:1・0がbuy・1がsell
2021/03/25/ 18:20:01
予測時刻:2021-03-25 18:20
予測値:109.016
前回予測との差額:0.002
オーダー:注文無し
MACD_judge:1・0がbuy・1がsell
2021/03/25/ 18:25:00
予測時刻:2021-03-25 18:25
予測値:109.015
前回予測との差額:-0.001
オーダー:売り注文(極少)
MACD_judge:1・0がbuy・1がsell
2021/03/25/ 18:30:01
予測時刻:2021-03-25 18:30
予測値:109.015
前回予測との差額:0.000
オーダー:注文無し
MACD_judge:1・0がbuy・1がsell
2021/03/25/ 18:35:00
予測時刻:2021-03-25 18:35
予測値:109.015
前回予測との差額:0.000
オーダー:注文無し
MACD_judge:1・0がbuy・1がsell
2021/03/25/ 18:40:00
予測時刻:2021-03-25 18:40
予測値:109.015
前回予測との差額:0.000
オーダー:注文無し
MACD_judge:1・0がbuy・1がsell
2021/03/25/ 18:45:00
予測時刻:2021-03-25 18:45
予測値:109.012
前回予測との差額:-0.003
オーダー:売り注文(極少)
MACD_judge:1・0がbuy・1がsell
2021/03/25/ 18:50:01
予測時刻:2021-03-25 18:50
予測値:109.003
前回予測との差額:-0.009
オーダー:売り注文(極少)
MACD_judge:1・0がbuy・1がsell
2021/03/25/ 18:55:01
予測時刻:2021-03-25 18:55
予測値:109.007
前回予測との差額:0.004
オーダー:注文無し
MACD_judge:1・0がbuy・1がsell
2021/03/25/ 19:00:01
予測時刻:2021-03-25 19:00
予測値:109.009
前回予測との差額:0.002
オーダー:注文無し
MACD_judge:1・0がbuy・1がsell
2021/03/25/ 19:05:01
予測時刻:2021-03-25 19:05
予測値:108.995
前回予測との差額:-0.014
オーダー:売り注文(極少)
MACD_judge:1・0がbuy・1がsell
2021/03/25/ 19:10:01
予測時刻:2021-03-25 19:10
予測値:108.994
前回予測との差額:-0.001
オーダー:売り注文(極少)
MACD_judge:1・0がbuy・1がsell
2021/03/25/ 19:15:00
予測時刻:2021-03-25 19:15
予測値:108.984
前回予測との差額:-0.010
オーダー:売り注文(極少)
MACD_judge:1・0がbuy・1がsell
2021/03/25/ 19:20:01
予測時刻:2021-03-25 19:25
予測値:109.004
前回予測との差額:0.020
オーダー:注文無し
MACD_judge:1・0がbuy・1がsell
2021/03/25/ 19:25:00
予測時刻:2021-03-25 19:25
予測値:109.029
前回予測との差額:0.025
オーダー:注文無し
MACD_judge:1・0がbuy・1がsell
2021/03/25/ 19:30:00
予測時刻:2021-03-25 19:30
予測値:108.965
前回予測との差額:-0.064
オーダー:売り注文(少)
MACD_judge:1・0がbuy・1がsell
2021/03/25/ 19:35:01
予測時刻:2021-03-25 19:35
予測値:108.963
前回予測との差額:-0.002
オーダー:売り注文(極少)
MACD_judge:1・0がbuy・1がsell
2021/03/25/ 19:40:00
予測時刻:2021-03-25 19:40
予測値:108.965
前回予測との差額:0.002
オーダー:買い注文(極少)
MACD_judge:0・0がbuy・1がsell
2021/03/25/ 19:45:01
予測時刻:2021-03-25 19:45
予測値:108.967
前回予測との差額:0.002
オーダー:買い注文(極少)
MACD_judge:0・0がbuy・1がsell
2021/03/25/ 19:50:01
予測時刻:2021-03-25 19:50
予測値:108.966
前回予測との差額:-0.001
オーダー:注文無し
MACD_judge:0・0がbuy・1がsell
2021/03/25/ 19:55:01
予測時刻:2021-03-25 20:00
予測値:108.966
前回予測との差額:0.000
オーダー:注文無し
MACD_judge:0・0がbuy・1がsell
2021/03/25/ 20:00:01
予測時刻:2021-03-25 20:00
予測値:108.966
前回予測との差額:0.000
オーダー:注文無し
MACD_judge:0・0がbuy・1がsell
2021/03/25/ 20:05:01
予測時刻:2021-03-25 20:05
予測値:108.966
前回予測との差額:0.000
オーダー:注文無し
MACD_judge:0・0がbuy・1がsell
2021/03/25/ 20:10:01
予測時刻:2021-03-25 20:10
予測値:108.964
前回予測との差額:-0.002
オーダー:売り注文(極少)
MACD_judge:1・0がbuy・1がsell
2021/03/25/ 20:15:01
予測時刻:2021-03-25 20:15
予測値:108.967
前回予測との差額:0.003
オーダー:買い注文(極少)
MACD_judge:0・0がbuy・1がsell
2021/03/25/ 20:20:01
予測時刻:2021-03-25 20:25
予測値:108.966
前回予測との差額:-0.001
オーダー:売り注文(極少)
MACD_judge:1・0がbuy・1がsell
2021/03/25/ 20:25:01
予測時刻:2021-03-25 20:25
予測値:108.966
前回予測との差額:0.000
オーダー:注文無し
MACD_judge:1・0がbuy・1がsell
2021/03/25/ 20:30:01
予測時刻:2021-03-25 20:30
予測値:108.967
前回予測との差額:0.001
オーダー:注文無し
MACD_judge:1・0がbuy・1がsell
2021/03/25/ 20:35:01
予測時刻:2021-03-25 20:35
予測値:108.967
前回予測との差額:0.000
オーダー:注文無し
MACD_judge:1・0がbuy・1がsell
2021/03/25/ 20:40:00
予測時刻:2021-03-25 20:40
予測値:108.967
前回予測との差額:0.000
オーダー:注文無し
MACD_judge:1・0がbuy・1がsell
2021/03/25/ 20:45:01
予測時刻:2021-03-25 20:45
予測値:108.966
前回予測との差額:-0.001
オーダー:売り注文(極少)
MACD_judge:1・0がbuy・1がsell
2021/03/25/ 20:50:00
予測時刻:2021-03-25 20:50
予測値:108.959
前回予測との差額:-0.007
オーダー:売り注文(極少)
MACD_judge:1・0がbuy・1がsell
2021/03/25/ 20:55:01
予測時刻:2021-03-25 20:55
予測値:108.964
前回予測との差額:0.005
オーダー:買い注文(極少)
MACD_judge:0・0がbuy・1がsell
2021/03/25/ 21:00:01
予測時刻:2021-03-25 21:00
予測値:108.967
前回予測との差額:0.003
オーダー:買い注文(極少)
MACD_judge:0・0がbuy・1がsell
2021/03/25/ 21:05:00
予測時刻:2021-03-25 21:05
予測値:108.967
前回予測との差額:0.000
オーダー:注文無し
MACD_judge:0・0がbuy・1がsell
2021/03/25/ 21:10:01
予測時刻:2021-03-25 21:10
予測値:108.966
前回予測との差額:-0.001
オーダー:売り注文(極少)
MACD_judge:1・0がbuy・1がsell
2021/03/25/ 21:15:01
予測時刻:2021-03-25 21:15
予測値:108.967
前回予測との差額:0.001
オーダー:買い注文(極少)
MACD_judge:0・0がbuy・1がsell
2021/03/25/ 21:20:01
予測時刻:2021-03-25 21:20
予測値:108.967
前回予測との差額:0.000
オーダー:注文無し
MACD_judge:0・0がbuy・1がsell
2021/03/25/ 21:25:00
予測時刻:2021-03-25 21:25
予測値:108.967
前回予測との差額:0.000
オーダー:注文無し
MACD_judge:0・0がbuy・1がsell
2021/03/25/ 21:30:01
予測時刻:2021-03-25 21:35
予測値:108.967
前回予測との差額:0.000
オーダー:注文無し
MACD_judge:0・0がbuy・1がsell
2021/03/25/ 21:35:00
予測時刻:2021-03-25 21:35
予測値:108.967
前回予測との差額:0.000
オーダー:注文無し
MACD_judge:0・0がbuy・1がsell
2021/03/25/ 21:40:00
予測時刻:2021-03-25 21:40
予測値:108.966
前回予測との差額:-0.001
オーダー:注文無し
MACD_judge:0・0がbuy・1がsell
2021/03/25/ 21:45:00
予測時刻:2021-03-25 21:45
予測値:108.96
前回予測との差額:-0.006
オーダー:注文無し
MACD_judge:0・0がbuy・1がsell
2021/03/25/ 21:55:00
予測時刻:2021-03-25 21:55
予測値:108.955
前回予測との差額:-0.005
オーダー:注文無し
MACD_judge:0・0がbuy・1がsell
2021/03/25/ 22:00:00
予測時刻:2021-03-25 22:00
予測値:108.956
前回予測との差額:0.001
オーダー:買い注文(極少)
MACD_judge:0・0がbuy・1がsell
2021/03/25/ 22:05:00
予測時刻:2021-03-25 22:05
予測値:108.959
前回予測との差額:0.003
オーダー:注文無し
MACD_judge:1・0がbuy・1がsell
2021/03/25/ 22:10:00
予測時刻:2021-03-25 22:10
予測値:108.962
前回予測との差額:0.003
オーダー:注文無し
MACD_judge:1・0がbuy・1がsell
2021/03/25/ 22:15:01
予測時刻:2021-03-25 22:15
予測値:108.966
前回予測との差額:0.004
オーダー:注文無し
MACD_judge:1・0がbuy・1がsell
2021/03/25/ 22:20:00
予測時刻:2021-03-25 22:20
予測値:108.966
前回予測との差額:0.000
オーダー:注文無し
MACD_judge:1・0がbuy・1がsell
2021/03/25/ 22:25:00
予測時刻:2021-03-25 22:25
予測値:108.967
前回予測との差額:0.001
オーダー:注文無し
MACD_judge:1・0がbuy・1がsell
2021/03/25/ 22:30:00
予測時刻:2021-03-25 22:30
予測値:108.959
前回予測との差額:-0.008
オーダー:売り注文(極少)
MACD_judge:1・0がbuy・1がsell
2021/03/25/ 22:35:00
予測時刻:2021-03-25 22:35
予測値:108.961
前回予測との差額:0.002
オーダー:注文無し
MACD_judge:1・0がbuy・1がsell
2021/03/25/ 22:40:01
予測時刻:2021-03-25 22:40
予測値:108.965
前回予測との差額:0.004
オーダー:買い注文(極少)
MACD_judge:0・0がbuy・1がsell
2021/03/25/ 22:45:00
予測時刻:2021-03-25 22:45
予測値:108.966
前回予測との差額:0.001
オーダー:買い注文(極少)
MACD_judge:0・0がbuy・1がsell
2021/03/25/ 22:50:00
予測時刻:2021-03-25 22:50
予測値:108.967
前回予測との差額:0.001
オーダー:買い注文(極少)
MACD_judge:0・0がbuy・1がsell
2021/03/25/ 22:55:00
予測時刻:2021-03-25 22:55
予測値:108.964
前回予測との差額:-0.003
オーダー:注文無し
MACD_judge:0・0がbuy・1がsell
2021/03/25/ 23:00:01
予測時刻:2021-03-25 23:00
予測値:108.96
前回予測との差額:-0.004
オーダー:注文無し
MACD_judge:0・0がbuy・1がsell
2021/03/25/ 23:05:00
予測時刻:2021-03-25 23:05
予測値:108.962
前回予測との差額:0.002
オーダー:注文無し
MACD_judge:1・0がbuy・1がsell
2021/03/25/ 23:10:00
予測時刻:2021-03-25 23:10
予測値:108.966
前回予測との差額:0.004
オーダー:買い注文(極少)
MACD_judge:0・0がbuy・1がsell
2021/03/25/ 23:52:22
予測時刻:2021-03-25 23:55
予測値:109.163
前回予測との差額:0
オーダー:注文無し
MACD_judge:0・0がbuy・1がsell
取引開始